<?xml version="1.0" encoding="UTF-8"?>
<!-- Generated by org.testng.reporters.JUnitReportReporter -->
<testsuite hostname="LAPTOP-CGUJBJB4" failures="0" tests="1" name="resources.Baseclass" time="3.340" errors="0" timestamp="2024-03-28T19:00:08 IST" skipped="0">
  <testcase classname="resources.Baseclass" name="launchbrowser" time="3.340"/>
</testsuite> <!-- resources.Baseclass -->
