<?xml version="1.0" encoding="UTF-8"?>
<!-- Generated by org.testng.reporters.JUnitReportReporter -->
<testsuite hostname="LAPTOP-CGUJBJB4" failures="0" tests="1" name="Pageobject.Loginpagetestcases" time="0.057" errors="0" timestamp="2024-03-28T22:33:46 IST" skipped="0">
  <testcase classname="Pageobject.Loginpagetestcases" name="login" time="0.057"/>
</testsuite> <!-- Pageobject.Loginpagetestcases -->
