<?xml version="1.0" encoding="UTF-8"?>
<!-- Generated by org.testng.reporters.JUnitReportReporter -->
<testsuite hostname="LAPTOP-CGUJBJB4" failures="0" tests="1" name="LoginPage.loginpageTest" time="0.486" errors="0" timestamp="2024-03-28T19:25:22 IST" skipped="0">
  <testcase classname="LoginPage.loginpageTest" name="loginpage_Test" time="0.486"/>
</testsuite> <!-- LoginPage.loginpageTest -->
